<?xml version="1.0" encoding="UTF-8"?>
<testng-results skipped="0" failed="0" total="1" passed="1">
  <reporter-output>
  </reporter-output>
  <suite name="Default suite" duration-ms="8233" started-at="2015-12-21T12:00:42Z" finished-at="2015-12-21T12:00:50Z">
    <groups>
    </groups>
    <test name="Default test" duration-ms="8233" started-at="2015-12-21T12:00:42Z" finished-at="2015-12-21T12:00:50Z">
      <class name="com.mms.AlertPopup">
        <test-method status="PASS" signature="ExampleForAlert()[pri:0, instance:com.mms.AlertPopup@11e96e0]" name="ExampleForAlert" duration-ms="8220" started-at="2015-12-21T17:30:42Z" finished-at="2015-12-21T17:30:50Z">
          <reporter-output>
          </reporter-output>
        </test-method> <!-- ExampleForAlert -->
      </class> <!-- com.mms.AlertPopup -->
    </test> <!-- Default test -->
  </suite> <!-- Default suite -->
</testng-results>
